Vivado Simulator 2018.3
Time resolution is 1 ps
  0
  16
   0
   0
   0
i_col =   16
i_row =    0
-----------------------------
  1
   1
   0
  16
   0
i_col =   17
i_row =    0
-----------------------------
  2
   2
   0
  16
   0
i_col =   18
i_row =    0
-----------------------------
  3
   3
   0
  16
   0
i_col =   19
i_row =    0
-----------------------------
  4
   4
   0
  16
   0
i_col =   20
i_row =    0
-----------------------------
  5
   5
   0
  16
   0
i_col =   21
i_row =    0
-----------------------------
  6
   6
   0
  16
   0
i_col =   22
i_row =    0
-----------------------------
  7
   7
   0
  16
   0
i_col =   23
i_row =    0
-----------------------------
  8
   8
   0
  16
   0
i_col =   24
i_row =    0
-----------------------------
  9
   9
   0
  16
   0
i_col =   25
i_row =    0
-----------------------------
 10
  10
   0
  16
   0
i_col =   26
i_row =    0
-----------------------------
 11
  11
   0
  16
   0
i_col =   27
i_row =    0
-----------------------------
 12
  12
   0
  16
   0
i_col =   28
i_row =    0
-----------------------------
 13
  13
   0
  16
   0
i_col =   29
i_row =    0
-----------------------------
 14
  14
   0
  16
   0
i_col =   30
i_row =    0
-----------------------------
 15
  15
   0
  16
   0
i_col =   31
i_row =    0
-----------------------------
 16
   0
   1
  16
   0
i_col =   16
i_row =    1
-----------------------------
 17
   1
   1
  16
   0
i_col =   17
i_row =    1
-----------------------------
 18
   2
   1
  16
   0
i_col =   18
i_row =    1
-----------------------------
 19
   3
   1
  16
   0
i_col =   19
i_row =    1
-----------------------------
 20
   4
   1
  16
   0
i_col =   20
i_row =    1
-----------------------------
 21
   5
   1
  16
   0
i_col =   21
i_row =    1
-----------------------------
 22
   6
   1
  16
   0
i_col =   22
i_row =    1
-----------------------------
 23
   7
   1
  16
   0
i_col =   23
i_row =    1
-----------------------------
 24
   8
   1
  16
   0
i_col =   24
i_row =    1
-----------------------------
 25
   9
   1
  16
   0
i_col =   25
i_row =    1
-----------------------------
 26
  10
   1
  16
   0
i_col =   26
i_row =    1
-----------------------------
 27
  11
   1
  16
   0
i_col =   27
i_row =    1
-----------------------------
 28
  12
   1
  16
   0
i_col =   28
i_row =    1
-----------------------------
 29
  13
   1
  16
   0
i_col =   29
i_row =    1
-----------------------------
 30
  14
   1
  16
   0
i_col =   30
i_row =    1
-----------------------------
 31
  15
   1
  16
   0
i_col =   31
i_row =    1
-----------------------------
 32
   0
   2
  16
   0
i_col =   16
i_row =    2
-----------------------------
 33
   1
   2
  16
   0
i_col =   17
i_row =    2
-----------------------------
 34
   2
   2
  16
   0
i_col =   18
i_row =    2
-----------------------------
 35
   3
   2
  16
   0
i_col =   19
i_row =    2
-----------------------------
 36
   4
   2
  16
   0
i_col =   20
i_row =    2
-----------------------------
 37
   5
   2
  16
   0
i_col =   21
i_row =    2
-----------------------------
 38
   6
   2
  16
   0
i_col =   22
i_row =    2
-----------------------------
 39
   7
   2
  16
   0
i_col =   23
i_row =    2
-----------------------------
 40
   8
   2
  16
   0
i_col =   24
i_row =    2
-----------------------------
 41
   9
   2
  16
   0
i_col =   25
i_row =    2
-----------------------------
 42
  10
   2
  16
   0
i_col =   26
i_row =    2
-----------------------------
 43
  11
   2
  16
   0
i_col =   27
i_row =    2
-----------------------------
 44
  12
   2
  16
   0
i_col =   28
i_row =    2
-----------------------------
 45
  13
   2
  16
   0
i_col =   29
i_row =    2
-----------------------------
 46
  14
   2
  16
   0
i_col =   30
i_row =    2
-----------------------------
 47
  15
   2
  16
   0
i_col =   31
i_row =    2
-----------------------------
 48
   0
   3
  16
   0
i_col =   16
i_row =    3
-----------------------------
 49
   1
   3
  16
   0
i_col =   17
i_row =    3
-----------------------------
 50
   2
   3
  16
   0
i_col =   18
i_row =    3
-----------------------------
 51
   3
   3
  16
   0
i_col =   19
i_row =    3
-----------------------------
 52
   4
   3
  16
   0
i_col =   20
i_row =    3
-----------------------------
 53
   5
   3
  16
   0
i_col =   21
i_row =    3
-----------------------------
 54
   6
   3
  16
   0
i_col =   22
i_row =    3
-----------------------------
 55
   7
   3
  16
   0
i_col =   23
i_row =    3
-----------------------------
 56
   8
   3
  16
   0
i_col =   24
i_row =    3
-----------------------------
 57
   9
   3
  16
   0
i_col =   25
i_row =    3
-----------------------------
 58
  10
   3
  16
   0
i_col =   26
i_row =    3
-----------------------------
 59
  11
   3
  16
   0
i_col =   27
i_row =    3
-----------------------------
 60
  12
   3
  16
   0
i_col =   28
i_row =    3
-----------------------------
 61
  13
   3
  16
   0
i_col =   29
i_row =    3
-----------------------------
 62
  14
   3
  16
   0
i_col =   30
i_row =    3
-----------------------------
 63
  15
   3
  16
   0
i_col =   31
i_row =    3
-----------------------------
 64
   0
   4
  16
   0
i_col =   16
i_row =    4
-----------------------------
 65
   1
   4
  16
   0
i_col =   17
i_row =    4
-----------------------------
 66
   2
   4
  16
   0
i_col =   18
i_row =    4
-----------------------------
 67
   3
   4
  16
   0
i_col =   19
i_row =    4
-----------------------------
 68
   4
   4
  16
   0
i_col =   20
i_row =    4
-----------------------------
 69
   5
   4
  16
   0
i_col =   21
i_row =    4
-----------------------------
 70
   6
   4
  16
   0
i_col =   22
i_row =    4
-----------------------------
 71
   7
   4
  16
   0
i_col =   23
i_row =    4
-----------------------------
 72
   8
   4
  16
   0
i_col =   24
i_row =    4
-----------------------------
 73
   9
   4
  16
   0
i_col =   25
i_row =    4
-----------------------------
 74
  10
   4
  16
   0
i_col =   26
i_row =    4
-----------------------------
 75
  11
   4
  16
   0
i_col =   27
i_row =    4
-----------------------------
 76
  12
   4
  16
   0
i_col =   28
i_row =    4
-----------------------------
 77
  13
   4
  16
   0
i_col =   29
i_row =    4
-----------------------------
 78
  14
   4
  16
   0
i_col =   30
i_row =    4
-----------------------------
 79
  15
   4
  16
   0
i_col =   31
i_row =    4
-----------------------------
 80
   0
   5
  16
   0
i_col =   16
i_row =    5
-----------------------------
 81
   1
   5
  16
   0
i_col =   17
i_row =    5
-----------------------------
 82
   2
   5
  16
   0
i_col =   18
i_row =    5
-----------------------------
 83
   3
   5
  16
   0
i_col =   19
i_row =    5
-----------------------------
 84
   4
   5
  16
   0
i_col =   20
i_row =    5
-----------------------------
 85
   5
   5
  16
   0
i_col =   21
i_row =    5
-----------------------------
 86
   6
   5
  16
   0
i_col =   22
i_row =    5
-----------------------------
 87
   7
   5
  16
   0
i_col =   23
i_row =    5
-----------------------------
 88
   8
   5
  16
   0
i_col =   24
i_row =    5
-----------------------------
 89
   9
   5
  16
   0
i_col =   25
i_row =    5
-----------------------------
 90
  10
   5
  16
   0
i_col =   26
i_row =    5
-----------------------------
 91
  11
   5
  16
   0
i_col =   27
i_row =    5
-----------------------------
 92
  12
   5
  16
   0
i_col =   28
i_row =    5
-----------------------------
 93
  13
   5
  16
   0
i_col =   29
i_row =    5
-----------------------------
 94
  14
   5
  16
   0
i_col =   30
i_row =    5
-----------------------------
 95
  15
   5
  16
   0
i_col =   31
i_row =    5
-----------------------------
 96
   0
   6
  16
   0
i_col =   16
i_row =    6
-----------------------------
 97
   1
   6
  16
   0
i_col =   17
i_row =    6
-----------------------------
 98
   2
   6
  16
   0
i_col =   18
i_row =    6
-----------------------------
 99
   3
   6
  16
   0
i_col =   19
i_row =    6
-----------------------------
100
   4
   6
  16
   0
i_col =   20
i_row =    6
-----------------------------
101
   5
   6
  16
   0
i_col =   21
i_row =    6
-----------------------------
102
   6
   6
  16
   0
i_col =   22
i_row =    6
-----------------------------
103
   7
   6
  16
   0
i_col =   23
i_row =    6
-----------------------------
104
   8
   6
  16
   0
i_col =   24
i_row =    6
-----------------------------
105
   9
   6
  16
   0
i_col =   25
i_row =    6
-----------------------------
106
  10
   6
  16
   0
i_col =   26
i_row =    6
-----------------------------
107
  11
   6
  16
   0
i_col =   27
i_row =    6
-----------------------------
108
  12
   6
  16
   0
i_col =   28
i_row =    6
-----------------------------
109
  13
   6
  16
   0
i_col =   29
i_row =    6
-----------------------------
110
  14
   6
  16
   0
i_col =   30
i_row =    6
-----------------------------
111
  15
   6
  16
   0
i_col =   31
i_row =    6
-----------------------------
112
   0
   7
  16
   0
i_col =   16
i_row =    7
-----------------------------
113
   1
   7
  16
   0
i_col =   17
i_row =    7
-----------------------------
114
   2
   7
  16
   0
i_col =   18
i_row =    7
-----------------------------
115
   3
   7
  16
   0
i_col =   19
i_row =    7
-----------------------------
116
   4
   7
  16
   0
i_col =   20
i_row =    7
-----------------------------
117
   5
   7
  16
   0
i_col =   21
i_row =    7
-----------------------------
118
   6
   7
  16
   0
i_col =   22
i_row =    7
-----------------------------
119
   7
   7
  16
   0
i_col =   23
i_row =    7
-----------------------------
120
   8
   7
  16
   0
i_col =   24
i_row =    7
-----------------------------
121
   9
   7
  16
   0
i_col =   25
i_row =    7
-----------------------------
122
  10
   7
  16
   0
i_col =   26
i_row =    7
-----------------------------
123
  11
   7
  16
   0
i_col =   27
i_row =    7
-----------------------------
124
  12
   7
  16
   0
i_col =   28
i_row =    7
-----------------------------
125
  13
   7
  16
   0
i_col =   29
i_row =    7
-----------------------------
126
  14
   7
  16
   0
i_col =   30
i_row =    7
-----------------------------
127
  15
   7
  16
   0
i_col =   31
i_row =    7
-----------------------------
128
   0
   8
  16
   0
i_col =   16
i_row =    8
-----------------------------
129
   1
   8
  16
   0
i_col =   17
i_row =    8
-----------------------------
130
   2
   8
  16
   0
i_col =   18
i_row =    8
-----------------------------
131
   3
   8
  16
   0
i_col =   19
i_row =    8
-----------------------------
132
   4
   8
  16
   0
i_col =   20
i_row =    8
-----------------------------
133
   5
   8
  16
   0
i_col =   21
i_row =    8
-----------------------------
134
   6
   8
  16
   0
i_col =   22
i_row =    8
-----------------------------
135
   7
   8
  16
   0
i_col =   23
i_row =    8
-----------------------------
136
   8
   8
  16
   0
i_col =   24
i_row =    8
-----------------------------
137
   9
   8
  16
   0
i_col =   25
i_row =    8
-----------------------------
138
  10
   8
  16
   0
i_col =   26
i_row =    8
-----------------------------
139
  11
   8
  16
   0
i_col =   27
i_row =    8
-----------------------------
140
  12
   8
  16
   0
i_col =   28
i_row =    8
-----------------------------
141
  13
   8
  16
   0
i_col =   29
i_row =    8
-----------------------------
142
  14
   8
  16
   0
i_col =   30
i_row =    8
-----------------------------
143
  15
   8
  16
   0
i_col =   31
i_row =    8
-----------------------------
144
   0
   9
  16
   0
i_col =   16
i_row =    9
-----------------------------
145
   1
   9
  16
   0
i_col =   17
i_row =    9
-----------------------------
146
   2
   9
  16
   0
i_col =   18
i_row =    9
-----------------------------
147
   3
   9
  16
   0
i_col =   19
i_row =    9
-----------------------------
148
   4
   9
  16
   0
i_col =   20
i_row =    9
-----------------------------
149
   5
   9
  16
   0
i_col =   21
i_row =    9
-----------------------------
150
   6
   9
  16
   0
i_col =   22
i_row =    9
-----------------------------
151
   7
   9
  16
   0
i_col =   23
i_row =    9
-----------------------------
152
   8
   9
  16
   0
i_col =   24
i_row =    9
-----------------------------
153
   9
   9
  16
   0
i_col =   25
i_row =    9
-----------------------------
154
  10
   9
  16
   0
i_col =   26
i_row =    9
-----------------------------
155
  11
   9
  16
   0
i_col =   27
i_row =    9
-----------------------------
156
  12
   9
  16
   0
i_col =   28
i_row =    9
-----------------------------
157
  13
   9
  16
   0
i_col =   29
i_row =    9
-----------------------------
158
  14
   9
  16
   0
i_col =   30
i_row =    9
-----------------------------
159
  15
   9
  16
   0
i_col =   31
i_row =    9
-----------------------------
160
   0
  10
  16
   0
i_col =   16
i_row =   10
-----------------------------
161
   1
  10
  16
   0
i_col =   17
i_row =   10
-----------------------------
162
   2
  10
  16
   0
i_col =   18
i_row =   10
-----------------------------
163
   3
  10
  16
   0
i_col =   19
i_row =   10
-----------------------------
164
   4
  10
  16
   0
i_col =   20
i_row =   10
-----------------------------
165
   5
  10
  16
   0
i_col =   21
i_row =   10
-----------------------------
166
   6
  10
  16
   0
i_col =   22
i_row =   10
-----------------------------
167
   7
  10
  16
   0
i_col =   23
i_row =   10
-----------------------------
168
   8
  10
  16
   0
i_col =   24
i_row =   10
-----------------------------
169
   9
  10
  16
   0
i_col =   25
i_row =   10
-----------------------------
170
  10
  10
  16
   0
i_col =   26
i_row =   10
-----------------------------
171
  11
  10
  16
   0
i_col =   27
i_row =   10
-----------------------------
172
  12
  10
  16
   0
i_col =   28
i_row =   10
-----------------------------
173
  13
  10
  16
   0
i_col =   29
i_row =   10
-----------------------------
174
  14
  10
  16
   0
i_col =   30
i_row =   10
-----------------------------
175
  15
  10
  16
   0
i_col =   31
i_row =   10
-----------------------------
176
   0
  11
  16
   0
i_col =   16
i_row =   11
-----------------------------
177
   1
  11
  16
   0
i_col =   17
i_row =   11
-----------------------------
178
   2
  11
  16
   0
i_col =   18
i_row =   11
-----------------------------
179
   3
  11
  16
   0
i_col =   19
i_row =   11
-----------------------------
180
   4
  11
  16
   0
i_col =   20
i_row =   11
-----------------------------
181
   5
  11
  16
   0
i_col =   21
i_row =   11
-----------------------------
182
   6
  11
  16
   0
i_col =   22
i_row =   11
-----------------------------
183
   7
  11
  16
   0
i_col =   23
i_row =   11
-----------------------------
184
   8
  11
  16
   0
i_col =   24
i_row =   11
-----------------------------
185
   9
  11
  16
   0
i_col =   25
i_row =   11
-----------------------------
186
  10
  11
  16
   0
i_col =   26
i_row =   11
-----------------------------
187
  11
  11
  16
   0
i_col =   27
i_row =   11
-----------------------------
188
  12
  11
  16
   0
i_col =   28
i_row =   11
-----------------------------
189
  13
  11
  16
   0
i_col =   29
i_row =   11
-----------------------------
190
  14
  11
  16
   0
i_col =   30
i_row =   11
-----------------------------
191
  15
  11
  16
   0
i_col =   31
i_row =   11
-----------------------------
192
   0
  12
  16
   0
i_col =   16
i_row =   12
-----------------------------
193
   1
  12
  16
   0
i_col =   17
i_row =   12
-----------------------------
194
   2
  12
  16
   0
i_col =   18
i_row =   12
-----------------------------
195
   3
  12
  16
   0
i_col =   19
i_row =   12
-----------------------------
196
   4
  12
  16
   0
i_col =   20
i_row =   12
-----------------------------
197
   5
  12
  16
   0
i_col =   21
i_row =   12
-----------------------------
198
   6
  12
  16
   0
i_col =   22
i_row =   12
-----------------------------
199
   7
  12
  16
   0
i_col =   23
i_row =   12
-----------------------------
200
   8
  12
  16
   0
i_col =   24
i_row =   12
-----------------------------
201
   9
  12
  16
   0
i_col =   25
i_row =   12
-----------------------------
202
  10
  12
  16
   0
i_col =   26
i_row =   12
-----------------------------
203
  11
  12
  16
   0
i_col =   27
i_row =   12
-----------------------------
204
  12
  12
  16
   0
i_col =   28
i_row =   12
-----------------------------
205
  13
  12
  16
   0
i_col =   29
i_row =   12
-----------------------------
206
  14
  12
  16
   0
i_col =   30
i_row =   12
-----------------------------
207
  15
  12
  16
   0
i_col =   31
i_row =   12
-----------------------------
208
   0
  13
  16
   0
i_col =   16
i_row =   13
-----------------------------
209
   1
  13
  16
   0
i_col =   17
i_row =   13
-----------------------------
210
   2
  13
  16
   0
i_col =   18
i_row =   13
-----------------------------
211
   3
  13
  16
   0
i_col =   19
i_row =   13
-----------------------------
212
   4
  13
  16
   0
i_col =   20
i_row =   13
-----------------------------
213
   5
  13
  16
   0
i_col =   21
i_row =   13
-----------------------------
214
   6
  13
  16
   0
i_col =   22
i_row =   13
-----------------------------
215
   7
  13
  16
   0
i_col =   23
i_row =   13
-----------------------------
216
   8
  13
  16
   0
i_col =   24
i_row =   13
-----------------------------
217
   9
  13
  16
   0
i_col =   25
i_row =   13
-----------------------------
218
  10
  13
  16
   0
i_col =   26
i_row =   13
-----------------------------
219
  11
  13
  16
   0
i_col =   27
i_row =   13
-----------------------------
220
  12
  13
  16
   0
i_col =   28
i_row =   13
-----------------------------
221
  13
  13
  16
   0
i_col =   29
i_row =   13
-----------------------------
222
  14
  13
  16
   0
i_col =   30
i_row =   13
-----------------------------
223
  15
  13
  16
   0
i_col =   31
i_row =   13
-----------------------------
224
   0
  14
  16
   0
i_col =   16
i_row =   14
-----------------------------
225
   1
  14
  16
   0
i_col =   17
i_row =   14
-----------------------------
226
   2
  14
  16
   0
i_col =   18
i_row =   14
-----------------------------
227
   3
  14
  16
   0
i_col =   19
i_row =   14
-----------------------------
228
   4
  14
  16
   0
i_col =   20
i_row =   14
-----------------------------
229
   5
  14
  16
   0
i_col =   21
i_row =   14
-----------------------------
230
   6
  14
  16
   0
i_col =   22
i_row =   14
-----------------------------
231
   7
  14
  16
   0
i_col =   23
i_row =   14
-----------------------------
232
   8
  14
  16
   0
i_col =   24
i_row =   14
-----------------------------
233
   9
  14
  16
   0
i_col =   25
i_row =   14
-----------------------------
234
  10
  14
  16
   0
i_col =   26
i_row =   14
-----------------------------
235
  11
  14
  16
   0
i_col =   27
i_row =   14
-----------------------------
236
  12
  14
  16
   0
i_col =   28
i_row =   14
-----------------------------
237
  13
  14
  16
   0
i_col =   29
i_row =   14
-----------------------------
238
  14
  14
  16
   0
i_col =   30
i_row =   14
-----------------------------
239
  15
  14
  16
   0
i_col =   31
i_row =   14
-----------------------------
240
   0
  15
  16
   0
i_col =   16
i_row =   15
-----------------------------
241
   1
  15
  16
   0
i_col =   17
i_row =   15
-----------------------------
242
   2
  15
  16
   0
i_col =   18
i_row =   15
-----------------------------
243
   3
  15
  16
   0
i_col =   19
i_row =   15
-----------------------------
244
   4
  15
  16
   0
i_col =   20
i_row =   15
-----------------------------
245
   5
  15
  16
   0
i_col =   21
i_row =   15
-----------------------------
246
   6
  15
  16
   0
i_col =   22
i_row =   15
-----------------------------
247
   7
  15
  16
   0
i_col =   23
i_row =   15
-----------------------------
248
   8
  15
  16
   0
i_col =   24
i_row =   15
-----------------------------
249
   9
  15
  16
   0
i_col =   25
i_row =   15
-----------------------------
250
  10
  15
  16
   0
i_col =   26
i_row =   15
-----------------------------
251
  11
  15
  16
   0
i_col =   27
i_row =   15
-----------------------------
252
  12
  15
  16
   0
i_col =   28
i_row =   15
-----------------------------
253
  13
  15
  16
   0
i_col =   29
i_row =   15
-----------------------------
254
  14
  15
  16
   0
i_col =   30
i_row =   15
-----------------------------
255
  15
  15
  16
   0
i_col =   31
i_row =   15
-----------------------------
  0
  16
   0
   0
   0
i_col =   16
i_row =    0
-----------------------------
  1
   1
   0
  16
   0
i_col =   17
i_row =    0
-----------------------------
  2
   2
   0
  16
   0
i_col =   18
i_row =    0
-----------------------------
  3
   3
   0
  16
   0
i_col =   19
i_row =    0
-----------------------------
  4
   4
   0
  16
   0
i_col =   20
i_row =    0
-----------------------------
  5
   5
   0
  16
   0
i_col =   21
i_row =    0
-----------------------------
  6
   6
   0
  16
   0
i_col =   22
i_row =    0
-----------------------------
  7
   7
   0
  16
   0
i_col =   23
i_row =    0
-----------------------------
  8
   8
   0
  16
   0
i_col =   24
i_row =    0
-----------------------------
  9
   9
   0
  16
   0
i_col =   25
i_row =    0
-----------------------------
 10
  10
   0
  16
   0
i_col =   26
i_row =    0
-----------------------------
 11
  11
   0
  16
   0
i_col =   27
i_row =    0
-----------------------------
 12
  12
   0
  16
   0
i_col =   28
i_row =    0
-----------------------------
 13
  13
   0
  16
   0
i_col =   29
i_row =    0
-----------------------------
 14
  14
   0
  16
   0
i_col =   30
i_row =    0
-----------------------------
 15
  15
   0
  16
   0
i_col =   31
i_row =    0
-----------------------------
 16
   0
   1
  16
   0
i_col =   16
i_row =    1
-----------------------------
 17
   1
   1
  16
   0
i_col =   17
i_row =    1
-----------------------------
 18
   2
   1
  16
   0
i_col =   18
i_row =    1
-----------------------------
 19
   3
   1
  16
   0
i_col =   19
i_row =    1
-----------------------------
 20
   4
   1
  16
   0
i_col =   20
i_row =    1
-----------------------------
 21
   5
   1
  16
   0
i_col =   21
i_row =    1
-----------------------------
 22
   6
   1
  16
   0
i_col =   22
i_row =    1
-----------------------------
 23
   7
   1
  16
   0
i_col =   23
i_row =    1
-----------------------------
 24
   8
   1
  16
   0
i_col =   24
i_row =    1
-----------------------------
 25
   9
   1
  16
   0
i_col =   25
i_row =    1
-----------------------------
 26
  10
   1
  16
   0
i_col =   26
i_row =    1
-----------------------------
 27
  11
   1
  16
   0
i_col =   27
i_row =    1
-----------------------------
 28
  12
   1
  16
   0
i_col =   28
i_row =    1
-----------------------------
 29
  13
   1
  16
   0
i_col =   29
i_row =    1
-----------------------------
 30
  14
   1
  16
   0
i_col =   30
i_row =    1
-----------------------------
 31
  15
   1
  16
   0
i_col =   31
i_row =    1
-----------------------------
 32
   0
   2
  16
   0
i_col =   16
i_row =    2
-----------------------------
 33
   1
   2
  16
   0
i_col =   17
i_row =    2
-----------------------------
 34
   2
   2
  16
   0
i_col =   18
i_row =    2
-----------------------------
 35
   3
   2
  16
   0
i_col =   19
i_row =    2
-----------------------------
 36
   4
   2
  16
   0
i_col =   20
i_row =    2
-----------------------------
 37
   5
   2
  16
   0
i_col =   21
i_row =    2
-----------------------------
 38
   6
   2
  16
   0
i_col =   22
i_row =    2
-----------------------------
 39
   7
   2
  16
   0
i_col =   23
i_row =    2
-----------------------------
 40
   8
   2
  16
   0
i_col =   24
i_row =    2
-----------------------------
 41
   9
   2
  16
   0
i_col =   25
i_row =    2
-----------------------------
 42
  10
   2
  16
   0
i_col =   26
i_row =    2
-----------------------------
 43
  11
   2
  16
   0
i_col =   27
i_row =    2
-----------------------------
 44
  12
   2
  16
   0
i_col =   28
i_row =    2
-----------------------------
 45
  13
   2
  16
   0
i_col =   29
i_row =    2
-----------------------------
 46
  14
   2
  16
   0
i_col =   30
i_row =    2
-----------------------------
 47
  15
   2
  16
   0
i_col =   31
i_row =    2
-----------------------------
 48
   0
   3
  16
   0
i_col =   16
i_row =    3
-----------------------------
 49
   1
   3
  16
   0
i_col =   17
i_row =    3
-----------------------------
 50
   2
   3
  16
   0
i_col =   18
i_row =    3
-----------------------------
 51
   3
   3
  16
   0
i_col =   19
i_row =    3
-----------------------------
 52
   4
   3
  16
   0
i_col =   20
i_row =    3
-----------------------------
 53
   5
   3
  16
   0
i_col =   21
i_row =    3
-----------------------------
 54
   6
   3
  16
   0
i_col =   22
i_row =    3
-----------------------------
 55
   7
   3
  16
   0
i_col =   23
i_row =    3
-----------------------------
 56
   8
   3
  16
   0
i_col =   24
i_row =    3
-----------------------------
 57
   9
   3
  16
   0
i_col =   25
i_row =    3
-----------------------------
 58
  10
   3
  16
   0
i_col =   26
i_row =    3
-----------------------------
 59
  11
   3
  16
   0
i_col =   27
i_row =    3
-----------------------------
 60
  12
   3
  16
   0
i_col =   28
i_row =    3
-----------------------------
 61
  13
   3
  16
   0
i_col =   29
i_row =    3
-----------------------------
 62
  14
   3
  16
   0
i_col =   30
i_row =    3
-----------------------------
 63
  15
   3
  16
   0
i_col =   31
i_row =    3
-----------------------------
 64
   0
   4
  16
   0
i_col =   16
i_row =    4
-----------------------------
 65
   1
   4
  16
   0
i_col =   17
i_row =    4
-----------------------------
 66
   2
   4
  16
   0
i_col =   18
i_row =    4
-----------------------------
 67
   3
   4
  16
   0
i_col =   19
i_row =    4
-----------------------------
 68
   4
   4
  16
   0
i_col =   20
i_row =    4
-----------------------------
 69
   5
   4
  16
   0
i_col =   21
i_row =    4
-----------------------------
 70
   6
   4
  16
   0
i_col =   22
i_row =    4
-----------------------------
 71
   7
   4
  16
   0
i_col =   23
i_row =    4
-----------------------------
 72
   8
   4
  16
   0
i_col =   24
i_row =    4
-----------------------------
 73
   9
   4
  16
   0
i_col =   25
i_row =    4
-----------------------------
 74
  10
   4
  16
   0
i_col =   26
i_row =    4
-----------------------------
 75
  11
   4
  16
   0
i_col =   27
i_row =    4
-----------------------------
 76
  12
   4
  16
   0
i_col =   28
i_row =    4
-----------------------------
 77
  13
   4
  16
   0
i_col =   29
i_row =    4
-----------------------------
 78
  14
   4
  16
   0
i_col =   30
i_row =    4
-----------------------------
 79
  15
   4
  16
   0
i_col =   31
i_row =    4
-----------------------------
 80
   0
   5
  16
   0
i_col =   16
i_row =    5
-----------------------------
 81
   1
   5
  16
   0
i_col =   17
i_row =    5
-----------------------------
 82
   2
   5
  16
   0
i_col =   18
i_row =    5
-----------------------------
 83
   3
   5
  16
   0
i_col =   19
i_row =    5
-----------------------------
 84
   4
   5
  16
   0
i_col =   20
i_row =    5
-----------------------------
 85
   5
   5
  16
   0
i_col =   21
i_row =    5
-----------------------------
 86
   6
   5
  16
   0
i_col =   22
i_row =    5
-----------------------------
 87
   7
   5
  16
   0
i_col =   23
i_row =    5
-----------------------------
 88
   8
   5
  16
   0
i_col =   24
i_row =    5
-----------------------------
 89
   9
   5
  16
   0
i_col =   25
i_row =    5
-----------------------------
 90
  10
   5
  16
   0
i_col =   26
i_row =    5
-----------------------------
 91
  11
   5
  16
   0
i_col =   27
i_row =    5
-----------------------------
 92
  12
   5
  16
   0
i_col =   28
i_row =    5
-----------------------------
 93
  13
   5
  16
   0
i_col =   29
i_row =    5
-----------------------------
 94
  14
   5
  16
   0
i_col =   30
i_row =    5
-----------------------------
 95
  15
   5
  16
   0
i_col =   31
i_row =    5
-----------------------------
 96
   0
   6
  16
   0
i_col =   16
i_row =    6
-----------------------------
 97
   1
   6
  16
   0
i_col =   17
i_row =    6
-----------------------------
 98
   2
   6
  16
   0
i_col =   18
i_row =    6
-----------------------------
 99
   3
   6
  16
   0
i_col =   19
i_row =    6
-----------------------------
100
   4
   6
  16
   0
i_col =   20
i_row =    6
-----------------------------
101
   5
   6
  16
   0
i_col =   21
i_row =    6
-----------------------------
102
   6
   6
  16
   0
i_col =   22
i_row =    6
-----------------------------
103
   7
   6
  16
   0
i_col =   23
i_row =    6
-----------------------------
104
   8
   6
  16
   0
i_col =   24
i_row =    6
-----------------------------
105
   9
   6
  16
   0
i_col =   25
i_row =    6
-----------------------------
106
  10
   6
  16
   0
i_col =   26
i_row =    6
-----------------------------
107
  11
   6
  16
   0
i_col =   27
i_row =    6
-----------------------------
108
  12
   6
  16
   0
i_col =   28
i_row =    6
-----------------------------
109
  13
   6
  16
   0
i_col =   29
i_row =    6
-----------------------------
110
  14
   6
  16
   0
i_col =   30
i_row =    6
-----------------------------
111
  15
   6
  16
   0
i_col =   31
i_row =    6
-----------------------------
112
   0
   7
  16
   0
i_col =   16
i_row =    7
-----------------------------
113
   1
   7
  16
   0
i_col =   17
i_row =    7
-----------------------------
114
   2
   7
  16
   0
i_col =   18
i_row =    7
-----------------------------
115
   3
   7
  16
   0
i_col =   19
i_row =    7
-----------------------------
116
   4
   7
  16
   0
i_col =   20
i_row =    7
-----------------------------
117
   5
   7
  16
   0
i_col =   21
i_row =    7
-----------------------------
118
   6
   7
  16
   0
i_col =   22
i_row =    7
-----------------------------
119
   7
   7
  16
   0
i_col =   23
i_row =    7
-----------------------------
120
   8
   7
  16
   0
i_col =   24
i_row =    7
-----------------------------
121
   9
   7
  16
   0
i_col =   25
i_row =    7
-----------------------------
122
  10
   7
  16
   0
i_col =   26
i_row =    7
-----------------------------
123
  11
   7
  16
   0
i_col =   27
i_row =    7
-----------------------------
124
  12
   7
  16
   0
i_col =   28
i_row =    7
-----------------------------
125
  13
   7
  16
   0
i_col =   29
i_row =    7
-----------------------------
126
  14
   7
  16
   0
i_col =   30
i_row =    7
-----------------------------
127
  15
   7
  16
   0
i_col =   31
i_row =    7
-----------------------------
128
   0
   8
  16
   0
i_col =   16
i_row =    8
-----------------------------
129
   1
   8
  16
   0
i_col =   17
i_row =    8
-----------------------------
130
   2
   8
  16
   0
i_col =   18
i_row =    8
-----------------------------
131
   3
   8
  16
   0
i_col =   19
i_row =    8
-----------------------------
132
   4
   8
  16
   0
i_col =   20
i_row =    8
-----------------------------
133
   5
   8
  16
   0
i_col =   21
i_row =    8
-----------------------------
134
   6
   8
  16
   0
i_col =   22
i_row =    8
-----------------------------
135
   7
   8
  16
   0
i_col =   23
i_row =    8
-----------------------------
136
   8
   8
  16
   0
i_col =   24
i_row =    8
-----------------------------
137
   9
   8
  16
   0
i_col =   25
i_row =    8
-----------------------------
138
  10
   8
  16
   0
i_col =   26
i_row =    8
-----------------------------
139
  11
   8
  16
   0
i_col =   27
i_row =    8
-----------------------------
140
  12
   8
  16
   0
i_col =   28
i_row =    8
-----------------------------
141
  13
   8
  16
   0
i_col =   29
i_row =    8
-----------------------------
142
  14
   8
  16
   0
i_col =   30
i_row =    8
-----------------------------
143
  15
   8
  16
   0
i_col =   31
i_row =    8
-----------------------------
144
   0
   9
  16
   0
i_col =   16
i_row =    9
-----------------------------
145
   1
   9
  16
   0
i_col =   17
i_row =    9
-----------------------------
146
   2
   9
  16
   0
i_col =   18
i_row =    9
-----------------------------
147
   3
   9
  16
   0
i_col =   19
i_row =    9
-----------------------------
148
   4
   9
  16
   0
i_col =   20
i_row =    9
-----------------------------
149
   5
   9
  16
   0
i_col =   21
i_row =    9
-----------------------------
150
   6
   9
  16
   0
i_col =   22
i_row =    9
-----------------------------
151
   7
   9
  16
   0
i_col =   23
i_row =    9
-----------------------------
152
   8
   9
  16
   0
i_col =   24
i_row =    9
-----------------------------
153
   9
   9
  16
   0
i_col =   25
i_row =    9
-----------------------------
154
  10
   9
  16
   0
i_col =   26
i_row =    9
-----------------------------
155
  11
   9
  16
   0
i_col =   27
i_row =    9
-----------------------------
156
  12
   9
  16
   0
i_col =   28
i_row =    9
-----------------------------
157
  13
   9
  16
   0
i_col =   29
i_row =    9
-----------------------------
158
  14
   9
  16
   0
i_col =   30
i_row =    9
-----------------------------
159
  15
   9
  16
   0
i_col =   31
i_row =    9
-----------------------------
160
   0
  10
  16
   0
i_col =   16
i_row =   10
-----------------------------
161
   1
  10
  16
   0
i_col =   17
i_row =   10
-----------------------------
162
   2
  10
  16
   0
i_col =   18
i_row =   10
-----------------------------
163
   3
  10
  16
   0
i_col =   19
i_row =   10
-----------------------------
164
   4
  10
  16
   0
i_col =   20
i_row =   10
-----------------------------
165
   5
  10
  16
   0
i_col =   21
i_row =   10
-----------------------------
166
   6
  10
  16
   0
i_col =   22
i_row =   10
-----------------------------
167
   7
  10
  16
   0
i_col =   23
i_row =   10
-----------------------------
168
   8
  10
  16
   0
i_col =   24
i_row =   10
-----------------------------
169
   9
  10
  16
   0
i_col =   25
i_row =   10
-----------------------------
170
  10
  10
  16
   0
i_col =   26
i_row =   10
-----------------------------
171
  11
  10
  16
   0
i_col =   27
i_row =   10
-----------------------------
172
  12
  10
  16
   0
i_col =   28
i_row =   10
-----------------------------
173
  13
  10
  16
   0
i_col =   29
i_row =   10
-----------------------------
174
  14
  10
  16
   0
i_col =   30
i_row =   10
-----------------------------
175
  15
  10
  16
   0
i_col =   31
i_row =   10
-----------------------------
176
   0
  11
  16
   0
i_col =   16
i_row =   11
-----------------------------
177
   1
  11
  16
   0
i_col =   17
i_row =   11
-----------------------------
178
   2
  11
  16
   0
i_col =   18
i_row =   11
-----------------------------
179
   3
  11
  16
   0
i_col =   19
i_row =   11
-----------------------------
180
   4
  11
  16
   0
i_col =   20
i_row =   11
-----------------------------
181
   5
  11
  16
   0
i_col =   21
i_row =   11
-----------------------------
182
   6
  11
  16
   0
i_col =   22
i_row =   11
-----------------------------
183
   7
  11
  16
   0
i_col =   23
i_row =   11
-----------------------------
184
   8
  11
  16
   0
i_col =   24
i_row =   11
-----------------------------
185
   9
  11
  16
   0
i_col =   25
i_row =   11
-----------------------------
186
  10
  11
  16
   0
i_col =   26
i_row =   11
-----------------------------
187
  11
  11
  16
   0
i_col =   27
i_row =   11
-----------------------------
188
  12
  11
  16
   0
i_col =   28
i_row =   11
-----------------------------
189
  13
  11
  16
   0
i_col =   29
i_row =   11
-----------------------------
190
  14
  11
  16
   0
i_col =   30
i_row =   11
-----------------------------
191
  15
  11
  16
   0
i_col =   31
i_row =   11
-----------------------------
192
   0
  12
  16
   0
i_col =   16
i_row =   12
-----------------------------
193
   1
  12
  16
   0
i_col =   17
i_row =   12
-----------------------------
194
   2
  12
  16
   0
i_col =   18
i_row =   12
-----------------------------
195
   3
  12
  16
   0
i_col =   19
i_row =   12
-----------------------------
196
   4
  12
  16
   0
i_col =   20
i_row =   12
-----------------------------
197
   5
  12
  16
   0
i_col =   21
i_row =   12
-----------------------------
198
   6
  12
  16
   0
i_col =   22
i_row =   12
-----------------------------
199
   7
  12
  16
   0
i_col =   23
i_row =   12
-----------------------------
200
   8
  12
  16
   0
i_col =   24
i_row =   12
-----------------------------
201
   9
  12
  16
   0
i_col =   25
i_row =   12
-----------------------------
202
  10
  12
  16
   0
i_col =   26
i_row =   12
-----------------------------
203
  11
  12
  16
   0
i_col =   27
i_row =   12
-----------------------------
204
  12
  12
  16
   0
i_col =   28
i_row =   12
-----------------------------
205
  13
  12
  16
   0
i_col =   29
i_row =   12
-----------------------------
206
  14
  12
  16
   0
i_col =   30
i_row =   12
-----------------------------
207
  15
  12
  16
   0
i_col =   31
i_row =   12
-----------------------------
208
   0
  13
  16
   0
i_col =   16
i_row =   13
-----------------------------
209
   1
  13
  16
   0
i_col =   17
i_row =   13
-----------------------------
210
   2
  13
  16
   0
i_col =   18
i_row =   13
-----------------------------
211
   3
  13
  16
   0
i_col =   19
i_row =   13
-----------------------------
212
   4
  13
  16
   0
i_col =   20
i_row =   13
-----------------------------
213
   5
  13
  16
   0
i_col =   21
i_row =   13
-----------------------------
214
   6
  13
  16
   0
i_col =   22
i_row =   13
-----------------------------
215
   7
  13
  16
   0
i_col =   23
i_row =   13
-----------------------------
216
   8
  13
  16
   0
i_col =   24
i_row =   13
-----------------------------
217
   9
  13
  16
   0
i_col =   25
i_row =   13
-----------------------------
218
  10
  13
  16
   0
i_col =   26
i_row =   13
-----------------------------
219
  11
  13
  16
   0
i_col =   27
i_row =   13
-----------------------------
220
  12
  13
  16
   0
i_col =   28
i_row =   13
-----------------------------
221
  13
  13
  16
   0
i_col =   29
i_row =   13
-----------------------------
222
  14
  13
  16
   0
i_col =   30
i_row =   13
-----------------------------
223
  15
  13
  16
   0
i_col =   31
i_row =   13
-----------------------------
224
   0
  14
  16
   0
i_col =   16
i_row =   14
-----------------------------
225
   1
  14
  16
   0
i_col =   17
i_row =   14
-----------------------------
226
   2
  14
  16
   0
i_col =   18
i_row =   14
-----------------------------
227
   3
  14
  16
   0
i_col =   19
i_row =   14
-----------------------------
228
   4
  14
  16
   0
i_col =   20
i_row =   14
-----------------------------
229
   5
  14
  16
   0
i_col =   21
i_row =   14
-----------------------------
230
   6
  14
  16
   0
i_col =   22
i_row =   14
-----------------------------
231
   7
  14
  16
   0
i_col =   23
i_row =   14
-----------------------------
232
   8
  14
  16
   0
i_col =   24
i_row =   14
-----------------------------
233
   9
  14
  16
   0
i_col =   25
i_row =   14
-----------------------------
234
  10
  14
  16
   0
i_col =   26
i_row =   14
-----------------------------
235
  11
  14
  16
   0
i_col =   27
i_row =   14
-----------------------------
236
  12
  14
  16
   0
i_col =   28
i_row =   14
-----------------------------
237
  13
  14
  16
   0
i_col =   29
i_row =   14
-----------------------------
238
  14
  14
  16
   0
i_col =   30
i_row =   14
-----------------------------
239
  15
  14
  16
   0
i_col =   31
i_row =   14
-----------------------------
240
   0
  15
  16
   0
i_col =   16
i_row =   15
-----------------------------
241
   1
  15
  16
   0
i_col =   17
i_row =   15
-----------------------------
242
   2
  15
  16
   0
i_col =   18
i_row =   15
-----------------------------
243
   3
  15
  16
   0
i_col =   19
i_row =   15
-----------------------------
244
   4
  15
  16
   0
i_col =   20
i_row =   15
-----------------------------
245
   5
  15
  16
   0
i_col =   21
i_row =   15
-----------------------------
246
   6
  15
  16
   0
i_col =   22
i_row =   15
-----------------------------
247
   7
  15
  16
   0
i_col =   23
i_row =   15
-----------------------------
248
   8
  15
  16
   0
i_col =   24
i_row =   15
-----------------------------
249
   9
  15
  16
   0
i_col =   25
i_row =   15
-----------------------------
250
  10
  15
  16
   0
i_col =   26
i_row =   15
-----------------------------
251
  11
  15
  16
   0
i_col =   27
i_row =   15
-----------------------------
252
  12
  15
  16
   0
i_col =   28
i_row =   15
-----------------------------
253
  13
  15
  16
   0
i_col =   29
i_row =   15
-----------------------------
254
  14
  15
  16
   0
i_col =   30
i_row =   15
-----------------------------
255
  15
  15
  16
   0
i_col =   31
i_row =   15
-----------------------------
  0
  64
  16
   0
   0
i_col =   64
i_row =   16
-----------------------------
  1
   1
   0
  64
  16
i_col =   65
i_row =   16
-----------------------------
  2
   2
   0
  64
  16
i_col =   66
i_row =   16
-----------------------------
  3
   3
   0
  64
  16
i_col =   67
i_row =   16
-----------------------------
  4
   4
   0
  64
  16
i_col =   68
i_row =   16
-----------------------------
  5
   5
   0
  64
  16
i_col =   69
i_row =   16
-----------------------------
  6
   6
   0
  64
  16
i_col =   70
i_row =   16
-----------------------------
  7
   7
   0
  64
  16
i_col =   71
i_row =   16
-----------------------------
  8
   8
   0
  64
  16
i_col =   72
i_row =   16
-----------------------------
  9
   9
   0
  64
  16
i_col =   73
i_row =   16
-----------------------------
 10
  10
   0
  64
  16
i_col =   74
i_row =   16
-----------------------------
 11
  11
   0
  64
  16
i_col =   75
i_row =   16
-----------------------------
 12
  12
   0
  64
  16
i_col =   76
i_row =   16
-----------------------------
 13
  13
   0
  64
  16
i_col =   77
i_row =   16
-----------------------------
 14
  14
   0
  64
  16
i_col =   78
i_row =   16
-----------------------------
 15
  15
   0
  64
  16
i_col =   79
i_row =   16
-----------------------------
 16
   0
   1
  64
  16
i_col =   64
i_row =   17
-----------------------------
 17
   1
   1
  64
  16
i_col =   65
i_row =   17
-----------------------------
 18
   2
   1
  64
  16
i_col =   66
i_row =   17
-----------------------------
 19
   3
   1
  64
  16
i_col =   67
i_row =   17
-----------------------------
 20
   4
   1
  64
  16
i_col =   68
i_row =   17
-----------------------------
 21
   5
   1
  64
  16
i_col =   69
i_row =   17
-----------------------------
 22
   6
   1
  64
  16
i_col =   70
i_row =   17
-----------------------------
 23
   7
   1
  64
  16
i_col =   71
i_row =   17
-----------------------------
 24
   8
   1
  64
  16
i_col =   72
i_row =   17
-----------------------------
 25
   9
   1
  64
  16
i_col =   73
i_row =   17
-----------------------------
 26
  10
   1
  64
  16
i_col =   74
i_row =   17
-----------------------------
 27
  11
   1
  64
  16
i_col =   75
i_row =   17
-----------------------------
 28
  12
   1
  64
  16
i_col =   76
i_row =   17
-----------------------------
 29
  13
   1
  64
  16
i_col =   77
i_row =   17
-----------------------------
 30
  14
   1
  64
  16
i_col =   78
i_row =   17
-----------------------------
 31
  15
   1
  64
  16
i_col =   79
i_row =   17
-----------------------------
 32
   0
   2
  64
  16
i_col =   64
i_row =   18
-----------------------------
 33
   1
   2
  64
  16
i_col =   65
i_row =   18
-----------------------------
 34
   2
   2
  64
  16
i_col =   66
i_row =   18
-----------------------------
 35
   3
   2
  64
  16
i_col =   67
i_row =   18
-----------------------------
 36
   4
   2
  64
  16
i_col =   68
i_row =   18
-----------------------------
 37
   5
   2
  64
  16
i_col =   69
i_row =   18
-----------------------------
 38
   6
   2
  64
  16
i_col =   70
i_row =   18
-----------------------------
 39
   7
   2
  64
  16
i_col =   71
i_row =   18
-----------------------------
 40
   8
   2
  64
  16
i_col =   72
i_row =   18
-----------------------------
 41
   9
   2
  64
  16
i_col =   73
i_row =   18
-----------------------------
 42
  10
   2
  64
  16
i_col =   74
i_row =   18
-----------------------------
 43
  11
   2
  64
  16
i_col =   75
i_row =   18
-----------------------------
 44
  12
   2
  64
  16
i_col =   76
i_row =   18
-----------------------------
 45
  13
   2
  64
  16
i_col =   77
i_row =   18
-----------------------------
 46
  14
   2
  64
  16
i_col =   78
i_row =   18
-----------------------------
 47
  15
   2
  64
  16
i_col =   79
i_row =   18
-----------------------------
 48
   0
   3
  64
  16
i_col =   64
i_row =   19
-----------------------------
 49
   1
   3
  64
  16
i_col =   65
i_row =   19
-----------------------------
 50
   2
   3
  64
  16
i_col =   66
i_row =   19
-----------------------------
 51
   3
   3
  64
  16
i_col =   67
i_row =   19
-----------------------------
 52
   4
   3
  64
  16
i_col =   68
i_row =   19
-----------------------------
 53
   5
   3
  64
  16
i_col =   69
i_row =   19
-----------------------------
 54
   6
   3
  64
  16
i_col =   70
i_row =   19
-----------------------------
 55
   7
   3
  64
  16
i_col =   71
i_row =   19
-----------------------------
 56
   8
   3
  64
  16
i_col =   72
i_row =   19
-----------------------------
 57
   9
   3
  64
  16
i_col =   73
i_row =   19
-----------------------------
 58
  10
   3
  64
  16
i_col =   74
i_row =   19
-----------------------------
 59
  11
   3
  64
  16
i_col =   75
i_row =   19
-----------------------------
 60
  12
   3
  64
  16
i_col =   76
i_row =   19
-----------------------------
 61
  13
   3
  64
  16
i_col =   77
i_row =   19
-----------------------------
 62
  14
   3
  64
  16
i_col =   78
i_row =   19
-----------------------------
 63
  15
   3
  64
  16
i_col =   79
i_row =   19
-----------------------------
 64
   0
   4
  64
  16
i_col =   64
i_row =   20
-----------------------------
 65
   1
   4
  64
  16
i_col =   65
i_row =   20
-----------------------------
 66
   2
   4
  64
  16
i_col =   66
i_row =   20
-----------------------------
 67
   3
   4
  64
  16
i_col =   67
i_row =   20
-----------------------------
 68
   4
   4
  64
  16
i_col =   68
i_row =   20
-----------------------------
 69
   5
   4
  64
  16
i_col =   69
i_row =   20
-----------------------------
 70
   6
   4
  64
  16
i_col =   70
i_row =   20
-----------------------------
 71
   7
   4
  64
  16
i_col =   71
i_row =   20
-----------------------------
 72
   8
   4
  64
  16
i_col =   72
i_row =   20
-----------------------------
 73
   9
   4
  64
  16
i_col =   73
i_row =   20
-----------------------------
 74
  10
   4
  64
  16
i_col =   74
i_row =   20
-----------------------------
 75
  11
   4
  64
  16
i_col =   75
i_row =   20
-----------------------------
 76
  12
   4
  64
  16
i_col =   76
i_row =   20
-----------------------------
 77
  13
   4
  64
  16
i_col =   77
i_row =   20
-----------------------------
 78
  14
   4
  64
  16
i_col =   78
i_row =   20
-----------------------------
 79
  15
   4
  64
  16
i_col =   79
i_row =   20
-----------------------------
 80
   0
   5
  64
  16
i_col =   64
i_row =   21
-----------------------------
 81
   1
   5
  64
  16
i_col =   65
i_row =   21
-----------------------------
 82
   2
   5
  64
  16
i_col =   66
i_row =   21
-----------------------------
 83
   3
   5
  64
  16
i_col =   67
i_row =   21
-----------------------------
 84
   4
   5
  64
  16
i_col =   68
i_row =   21
-----------------------------
 85
   5
   5
  64
  16
i_col =   69
i_row =   21
-----------------------------
 86
   6
   5
  64
  16
i_col =   70
i_row =   21
-----------------------------
 87
   7
   5
  64
  16
i_col =   71
i_row =   21
-----------------------------
 88
   8
   5
  64
  16
i_col =   72
i_row =   21
-----------------------------
 89
   9
   5
  64
  16
i_col =   73
i_row =   21
-----------------------------
 90
  10
   5
  64
  16
i_col =   74
i_row =   21
-----------------------------
 91
  11
   5
  64
  16
i_col =   75
i_row =   21
-----------------------------
 92
  12
   5
  64
  16
i_col =   76
i_row =   21
-----------------------------
 93
  13
   5
  64
  16
i_col =   77
i_row =   21
-----------------------------
 94
  14
   5
  64
  16
i_col =   78
i_row =   21
-----------------------------
 95
  15
   5
  64
  16
i_col =   79
i_row =   21
-----------------------------
 96
   0
   6
  64
  16
i_col =   64
i_row =   22
-----------------------------
 97
   1
   6
  64
  16
i_col =   65
i_row =   22
-----------------------------
 98
   2
   6
  64
  16
i_col =   66
i_row =   22
-----------------------------
 99
   3
   6
  64
  16
i_col =   67
i_row =   22
-----------------------------
100
   4
   6
  64
  16
i_col =   68
i_row =   22
-----------------------------
101
   5
   6
  64
  16
i_col =   69
i_row =   22
-----------------------------
102
   6
   6
  64
  16
i_col =   70
i_row =   22
-----------------------------
103
   7
   6
  64
  16
i_col =   71
i_row =   22
-----------------------------
104
   8
   6
  64
  16
i_col =   72
i_row =   22
-----------------------------
105
   9
   6
  64
  16
i_col =   73
i_row =   22
-----------------------------
106
  10
   6
  64
  16
i_col =   74
i_row =   22
-----------------------------
107
  11
   6
  64
  16
i_col =   75
i_row =   22
-----------------------------
108
  12
   6
  64
  16
i_col =   76
i_row =   22
-----------------------------
109
  13
   6
  64
  16
i_col =   77
i_row =   22
-----------------------------
110
  14
   6
  64
  16
i_col =   78
i_row =   22
-----------------------------
111
  15
   6
  64
  16
i_col =   79
i_row =   22
-----------------------------
112
   0
   7
  64
  16
i_col =   64
i_row =   23
-----------------------------
113
   1
   7
  64
  16
i_col =   65
i_row =   23
-----------------------------
114
   2
   7
  64
  16
i_col =   66
i_row =   23
-----------------------------
115
   3
   7
  64
  16
i_col =   67
i_row =   23
-----------------------------
116
   4
   7
  64
  16
i_col =   68
i_row =   23
-----------------------------
117
   5
   7
  64
  16
i_col =   69
i_row =   23
-----------------------------
118
   6
   7
  64
  16
i_col =   70
i_row =   23
-----------------------------
119
   7
   7
  64
  16
i_col =   71
i_row =   23
-----------------------------
120
   8
   7
  64
  16
i_col =   72
i_row =   23
-----------------------------
121
   9
   7
  64
  16
i_col =   73
i_row =   23
-----------------------------
122
  10
   7
  64
  16
i_col =   74
i_row =   23
-----------------------------
123
  11
   7
  64
  16
i_col =   75
i_row =   23
-----------------------------
124
  12
   7
  64
  16
i_col =   76
i_row =   23
-----------------------------
125
  13
   7
  64
  16
i_col =   77
i_row =   23
-----------------------------
126
  14
   7
  64
  16
i_col =   78
i_row =   23
-----------------------------
127
  15
   7
  64
  16
i_col =   79
i_row =   23
-----------------------------
128
   0
   8
  64
  16
i_col =   64
i_row =   24
-----------------------------
129
   1
   8
  64
  16
i_col =   65
i_row =   24
-----------------------------
130
   2
   8
  64
  16
i_col =   66
i_row =   24
-----------------------------
131
   3
   8
  64
  16
i_col =   67
i_row =   24
-----------------------------
132
   4
   8
  64
  16
i_col =   68
i_row =   24
-----------------------------
133
   5
   8
  64
  16
i_col =   69
i_row =   24
-----------------------------
134
   6
   8
  64
  16
i_col =   70
i_row =   24
-----------------------------
135
   7
   8
  64
  16
i_col =   71
i_row =   24
-----------------------------
136
   8
   8
  64
  16
i_col =   72
i_row =   24
-----------------------------
137
   9
   8
  64
  16
i_col =   73
i_row =   24
-----------------------------
138
  10
   8
  64
  16
i_col =   74
i_row =   24
-----------------------------
139
  11
   8
  64
  16
i_col =   75
i_row =   24
-----------------------------
140
  12
   8
  64
  16
i_col =   76
i_row =   24
-----------------------------
141
  13
   8
  64
  16
i_col =   77
i_row =   24
-----------------------------
142
  14
   8
  64
  16
i_col =   78
i_row =   24
-----------------------------
143
  15
   8
  64
  16
i_col =   79
i_row =   24
-----------------------------
144
   0
   9
  64
  16
i_col =   64
i_row =   25
-----------------------------
145
   1
   9
  64
  16
i_col =   65
i_row =   25
-----------------------------
146
   2
   9
  64
  16
i_col =   66
i_row =   25
-----------------------------
147
   3
   9
  64
  16
i_col =   67
i_row =   25
-----------------------------
148
   4
   9
  64
  16
i_col =   68
i_row =   25
-----------------------------
149
   5
   9
  64
  16
i_col =   69
i_row =   25
-----------------------------
150
   6
   9
  64
  16
i_col =   70
i_row =   25
-----------------------------
151
   7
   9
  64
  16
i_col =   71
i_row =   25
-----------------------------
152
   8
   9
  64
  16
i_col =   72
i_row =   25
-----------------------------
153
   9
   9
  64
  16
i_col =   73
i_row =   25
-----------------------------
154
  10
   9
  64
  16
i_col =   74
i_row =   25
-----------------------------
155
  11
   9
  64
  16
i_col =   75
i_row =   25
-----------------------------
156
  12
   9
  64
  16
i_col =   76
i_row =   25
-----------------------------
157
  13
   9
  64
  16
i_col =   77
i_row =   25
-----------------------------
158
  14
   9
  64
  16
i_col =   78
i_row =   25
-----------------------------
159
  15
   9
  64
  16
i_col =   79
i_row =   25
-----------------------------
160
   0
  10
  64
  16
i_col =   64
i_row =   26
-----------------------------
161
   1
  10
  64
  16
i_col =   65
i_row =   26
-----------------------------
162
   2
  10
  64
  16
i_col =   66
i_row =   26
-----------------------------
163
   3
  10
  64
  16
i_col =   67
i_row =   26
-----------------------------
164
   4
  10
  64
  16
i_col =   68
i_row =   26
-----------------------------
165
   5
  10
  64
  16
i_col =   69
i_row =   26
-----------------------------
166
   6
  10
  64
  16
i_col =   70
i_row =   26
-----------------------------
167
   7
  10
  64
  16
i_col =   71
i_row =   26
-----------------------------
168
   8
  10
  64
  16
i_col =   72
i_row =   26
-----------------------------
169
   9
  10
  64
  16
i_col =   73
i_row =   26
-----------------------------
170
  10
  10
  64
  16
i_col =   74
i_row =   26
-----------------------------
171
  11
  10
  64
  16
i_col =   75
i_row =   26
-----------------------------
172
  12
  10
  64
  16
i_col =   76
i_row =   26
-----------------------------
173
  13
  10
  64
  16
i_col =   77
i_row =   26
-----------------------------
174
  14
  10
  64
  16
i_col =   78
i_row =   26
-----------------------------
175
  15
  10
  64
  16
i_col =   79
i_row =   26
-----------------------------
176
   0
  11
  64
  16
i_col =   64
i_row =   27
-----------------------------
177
   1
  11
  64
  16
i_col =   65
i_row =   27
-----------------------------
178
   2
  11
  64
  16
i_col =   66
i_row =   27
-----------------------------
179
   3
  11
  64
  16
i_col =   67
i_row =   27
-----------------------------
180
   4
  11
  64
  16
i_col =   68
i_row =   27
-----------------------------
181
   5
  11
  64
  16
i_col =   69
i_row =   27
-----------------------------
182
   6
  11
  64
  16
i_col =   70
i_row =   27
-----------------------------
183
   7
  11
  64
  16
i_col =   71
i_row =   27
-----------------------------
184
   8
  11
  64
  16
i_col =   72
i_row =   27
-----------------------------
185
   9
  11
  64
  16
i_col =   73
i_row =   27
-----------------------------
186
  10
  11
  64
  16
i_col =   74
i_row =   27
-----------------------------
187
  11
  11
  64
  16
i_col =   75
i_row =   27
-----------------------------
188
  12
  11
  64
  16
i_col =   76
i_row =   27
-----------------------------
189
  13
  11
  64
  16
i_col =   77
i_row =   27
-----------------------------
190
  14
  11
  64
  16
i_col =   78
i_row =   27
-----------------------------
191
  15
  11
  64
  16
i_col =   79
i_row =   27
-----------------------------
192
   0
  12
  64
  16
i_col =   64
i_row =   28
-----------------------------
193
   1
  12
  64
  16
i_col =   65
i_row =   28
-----------------------------
194
   2
  12
  64
  16
i_col =   66
i_row =   28
-----------------------------
195
   3
  12
  64
  16
i_col =   67
i_row =   28
-----------------------------
196
   4
  12
  64
  16
i_col =   68
i_row =   28
-----------------------------
197
   5
  12
  64
  16
i_col =   69
i_row =   28
-----------------------------
198
   6
  12
  64
  16
i_col =   70
i_row =   28
-----------------------------
199
   7
  12
  64
  16
i_col =   71
i_row =   28
-----------------------------
200
   8
  12
  64
  16
i_col =   72
i_row =   28
-----------------------------
201
   9
  12
  64
  16
i_col =   73
i_row =   28
-----------------------------
202
  10
  12
  64
  16
i_col =   74
i_row =   28
-----------------------------
203
  11
  12
  64
  16
i_col =   75
i_row =   28
-----------------------------
204
  12
  12
  64
  16
i_col =   76
i_row =   28
-----------------------------
205
  13
  12
  64
  16
i_col =   77
i_row =   28
-----------------------------
206
  14
  12
  64
  16
i_col =   78
i_row =   28
-----------------------------
207
  15
  12
  64
  16
i_col =   79
i_row =   28
-----------------------------
208
   0
  13
  64
  16
i_col =   64
i_row =   29
-----------------------------
209
   1
  13
  64
  16
i_col =   65
i_row =   29
-----------------------------
210
   2
  13
  64
  16
i_col =   66
i_row =   29
-----------------------------
211
   3
  13
  64
  16
i_col =   67
i_row =   29
-----------------------------
212
   4
  13
  64
  16
i_col =   68
i_row =   29
-----------------------------
213
   5
  13
  64
  16
i_col =   69
i_row =   29
-----------------------------
214
   6
  13
  64
  16
i_col =   70
i_row =   29
-----------------------------
215
   7
  13
  64
  16
i_col =   71
i_row =   29
-----------------------------
216
   8
  13
  64
  16
i_col =   72
i_row =   29
-----------------------------
217
   9
  13
  64
  16
i_col =   73
i_row =   29
-----------------------------
218
  10
  13
  64
  16
i_col =   74
i_row =   29
-----------------------------
219
  11
  13
  64
  16
i_col =   75
i_row =   29
-----------------------------
220
  12
  13
  64
  16
i_col =   76
i_row =   29
-----------------------------
221
  13
  13
  64
  16
i_col =   77
i_row =   29
-----------------------------
222
  14
  13
  64
  16
i_col =   78
i_row =   29
-----------------------------
223
  15
  13
  64
  16
i_col =   79
i_row =   29
-----------------------------
224
   0
  14
  64
  16
i_col =   64
i_row =   30
-----------------------------
225
   1
  14
  64
  16
i_col =   65
i_row =   30
-----------------------------
226
   2
  14
  64
  16
i_col =   66
i_row =   30
-----------------------------
227
   3
  14
  64
  16
i_col =   67
i_row =   30
-----------------------------
228
   4
  14
  64
  16
i_col =   68
i_row =   30
-----------------------------
229
   5
  14
  64
  16
i_col =   69
i_row =   30
-----------------------------
230
   6
  14
  64
  16
i_col =   70
i_row =   30
-----------------------------
231
   7
  14
  64
  16
i_col =   71
i_row =   30
-----------------------------
232
   8
  14
  64
  16
i_col =   72
i_row =   30
-----------------------------
233
   9
  14
  64
  16
i_col =   73
i_row =   30
-----------------------------
234
  10
  14
  64
  16
i_col =   74
i_row =   30
-----------------------------
235
  11
  14
  64
  16
i_col =   75
i_row =   30
-----------------------------
236
  12
  14
  64
  16
i_col =   76
i_row =   30
-----------------------------
237
  13
  14
  64
  16
i_col =   77
i_row =   30
-----------------------------
238
  14
  14
  64
  16
i_col =   78
i_row =   30
-----------------------------
239
  15
  14
  64
  16
i_col =   79
i_row =   30
-----------------------------
240
   0
  15
  64
  16
i_col =   64
i_row =   31
-----------------------------
241
   1
  15
  64
  16
i_col =   65
i_row =   31
-----------------------------
242
   2
  15
  64
  16
i_col =   66
i_row =   31
-----------------------------
243
   3
  15
  64
  16
i_col =   67
i_row =   31
-----------------------------
244
   4
  15
  64
  16
i_col =   68
i_row =   31
-----------------------------
245
   5
  15
  64
  16
i_col =   69
i_row =   31
-----------------------------
246
   6
  15
  64
  16
i_col =   70
i_row =   31
-----------------------------
247
   7
  15
  64
  16
i_col =   71
i_row =   31
-----------------------------
248
   8
  15
  64
  16
i_col =   72
i_row =   31
-----------------------------
249
   9
  15
  64
  16
i_col =   73
i_row =   31
-----------------------------
250
  10
  15
  64
  16
i_col =   74
i_row =   31
-----------------------------
251
  11
  15
  64
  16
i_col =   75
i_row =   31
-----------------------------
252
  12
  15
  64
  16
i_col =   76
i_row =   31
-----------------------------
253
  13
  15
  64
  16
i_col =   77
i_row =   31
-----------------------------
254
  14
  15
  64
  16
i_col =   78
i_row =   31
-----------------------------
255
  15
  15
  64
  16
i_col =   79
i_row =   31
-----------------------------
  0
  64
  16
   0
   0
i_col =   64
i_row =   16
-----------------------------
  1
   1
   0
  64
  16
i_col =   65
i_row =   16
-----------------------------
  2
   2
   0
  64
  16
i_col =   66
i_row =   16
-----------------------------
  3
   3
   0
  64
  16
i_col =   67
i_row =   16
-----------------------------
  4
   4
   0
  64
  16
i_col =   68
i_row =   16
-----------------------------
  5
   5
   0
  64
  16
i_col =   69
i_row =   16
-----------------------------
  6
   6
   0
  64
  16
i_col =   70
i_row =   16
-----------------------------
  7
   7
   0
  64
  16
i_col =   71
i_row =   16
-----------------------------
  8
   8
   0
  64
  16
i_col =   72
i_row =   16
-----------------------------
  9
   9
   0
  64
  16
i_col =   73
i_row =   16
-----------------------------
 10
  10
   0
  64
  16
i_col =   74
i_row =   16
-----------------------------
 11
  11
   0
  64
  16
i_col =   75
i_row =   16
-----------------------------
 12
  12
   0
  64
  16
i_col =   76
i_row =   16
-----------------------------
 13
  13
   0
  64
  16
i_col =   77
i_row =   16
-----------------------------
 14
  14
   0
  64
  16
i_col =   78
i_row =   16
-----------------------------
 15
  15
   0
  64
  16
i_col =   79
i_row =   16
-----------------------------
 16
   0
   1
  64
  16
i_col =   64
i_row =   17
-----------------------------
 17
   1
   1
  64
  16
i_col =   65
i_row =   17
-----------------------------
 18
   2
   1
  64
  16
i_col =   66
i_row =   17
-----------------------------
 19
   3
   1
  64
  16
i_col =   67
i_row =   17
-----------------------------
 20
   4
   1
  64
  16
i_col =   68
i_row =   17
-----------------------------
 21
   5
   1
  64
  16
i_col =   69
i_row =   17
-----------------------------
 22
   6
   1
  64
  16
i_col =   70
i_row =   17
-----------------------------
 23
   7
   1
  64
  16
i_col =   71
i_row =   17
-----------------------------
 24
   8
   1
  64
  16
i_col =   72
i_row =   17
-----------------------------
 25
   9
   1
  64
  16
i_col =   73
i_row =   17
-----------------------------
 26
  10
   1
  64
  16
i_col =   74
i_row =   17
-----------------------------
 27
  11
   1
  64
  16
i_col =   75
i_row =   17
-----------------------------
 28
  12
   1
  64
  16
i_col =   76
i_row =   17
-----------------------------
 29
  13
   1
  64
  16
i_col =   77
i_row =   17
-----------------------------
 30
  14
   1
  64
  16
i_col =   78
i_row =   17
-----------------------------
 31
  15
   1
  64
  16
i_col =   79
i_row =   17
-----------------------------
 32
   0
   2
  64
  16
i_col =   64
i_row =   18
-----------------------------
 33
   1
   2
  64
  16
i_col =   65
i_row =   18
-----------------------------
 34
   2
   2
  64
  16
i_col =   66
i_row =   18
-----------------------------
 35
   3
   2
  64
  16
i_col =   67
i_row =   18
-----------------------------
 36
   4
   2
  64
  16
i_col =   68
i_row =   18
-----------------------------
 37
   5
   2
  64
  16
i_col =   69
i_row =   18
-----------------------------
 38
   6
   2
  64
  16
i_col =   70
i_row =   18
-----------------------------
 39
   7
   2
  64
  16
i_col =   71
i_row =   18
-----------------------------
 40
   8
   2
  64
  16
i_col =   72
i_row =   18
-----------------------------
 41
   9
   2
  64
  16
i_col =   73
i_row =   18
-----------------------------
 42
  10
   2
  64
  16
i_col =   74
i_row =   18
-----------------------------
 43
  11
   2
  64
  16
i_col =   75
i_row =   18
-----------------------------
 44
  12
   2
  64
  16
i_col =   76
i_row =   18
-----------------------------
 45
  13
   2
  64
  16
i_col =   77
i_row =   18
-----------------------------
 46
  14
   2
  64
  16
i_col =   78
i_row =   18
-----------------------------
 47
  15
   2
  64
  16
i_col =   79
i_row =   18
-----------------------------
 48
   0
   3
  64
  16
i_col =   64
i_row =   19
-----------------------------
 49
   1
   3
  64
  16
i_col =   65
i_row =   19
-----------------------------
 50
   2
   3
  64
  16
i_col =   66
i_row =   19
-----------------------------
 51
   3
   3
  64
  16
i_col =   67
i_row =   19
-----------------------------
 52
   4
   3
  64
  16
i_col =   68
i_row =   19
-----------------------------
 53
   5
   3
  64
  16
i_col =   69
i_row =   19
-----------------------------
 54
   6
   3
  64
  16
i_col =   70
i_row =   19
-----------------------------
 55
   7
   3
  64
  16
i_col =   71
i_row =   19
-----------------------------
 56
   8
   3
  64
  16
i_col =   72
i_row =   19
-----------------------------
 57
   9
   3
  64
  16
i_col =   73
i_row =   19
-----------------------------
 58
  10
   3
  64
  16
i_col =   74
i_row =   19
-----------------------------
 59
  11
   3
  64
  16
i_col =   75
i_row =   19
-----------------------------
 60
  12
   3
  64
  16
i_col =   76
i_row =   19
-----------------------------
 61
  13
   3
  64
  16
i_col =   77
i_row =   19
-----------------------------
 62
  14
   3
  64
  16
i_col =   78
i_row =   19
-----------------------------
 63
  15
   3
  64
  16
i_col =   79
i_row =   19
-----------------------------
 64
   0
   4
  64
  16
i_col =   64
i_row =   20
-----------------------------
 65
   1
   4
  64
  16
i_col =   65
i_row =   20
-----------------------------
 66
   2
   4
  64
  16
i_col =   66
i_row =   20
-----------------------------
 67
   3
   4
  64
  16
i_col =   67
i_row =   20
-----------------------------
 68
   4
   4
  64
  16
i_col =   68
i_row =   20
-----------------------------
 69
   5
   4
  64
  16
i_col =   69
i_row =   20
-----------------------------
 70
   6
   4
  64
  16
i_col =   70
i_row =   20
-----------------------------
 71
   7
   4
  64
  16
i_col =   71
i_row =   20
-----------------------------
 72
   8
   4
  64
  16
i_col =   72
i_row =   20
-----------------------------
 73
   9
   4
  64
  16
i_col =   73
i_row =   20
-----------------------------
 74
  10
   4
  64
  16
i_col =   74
i_row =   20
-----------------------------
 75
  11
   4
  64
  16
i_col =   75
i_row =   20
-----------------------------
 76
  12
   4
  64
  16
i_col =   76
i_row =   20
-----------------------------
 77
  13
   4
  64
  16
i_col =   77
i_row =   20
-----------------------------
 78
  14
   4
  64
  16
i_col =   78
i_row =   20
-----------------------------
 79
  15
   4
  64
  16
i_col =   79
i_row =   20
-----------------------------
 80
   0
   5
  64
  16
i_col =   64
i_row =   21
-----------------------------
 81
   1
   5
  64
  16
i_col =   65
i_row =   21
-----------------------------
 82
   2
   5
  64
  16
i_col =   66
i_row =   21
-----------------------------
 83
   3
   5
  64
  16
i_col =   67
i_row =   21
-----------------------------
 84
   4
   5
  64
  16
i_col =   68
i_row =   21
-----------------------------
 85
   5
   5
  64
  16
i_col =   69
i_row =   21
-----------------------------
 86
   6
   5
  64
  16
i_col =   70
i_row =   21
-----------------------------
 87
   7
   5
  64
  16
i_col =   71
i_row =   21
-----------------------------
 88
   8
   5
  64
  16
i_col =   72
i_row =   21
-----------------------------
 89
   9
   5
  64
  16
i_col =   73
i_row =   21
-----------------------------
 90
  10
   5
  64
  16
i_col =   74
i_row =   21
-----------------------------
 91
  11
   5
  64
  16
i_col =   75
i_row =   21
-----------------------------
 92
  12
   5
  64
  16
i_col =   76
i_row =   21
-----------------------------
 93
  13
   5
  64
  16
i_col =   77
i_row =   21
-----------------------------
 94
  14
   5
  64
  16
i_col =   78
i_row =   21
-----------------------------
 95
  15
   5
  64
  16
i_col =   79
i_row =   21
-----------------------------
 96
   0
   6
  64
  16
i_col =   64
i_row =   22
-----------------------------
 97
   1
   6
  64
  16
i_col =   65
i_row =   22
-----------------------------
 98
   2
   6
  64
  16
i_col =   66
i_row =   22
-----------------------------
 99
   3
   6
  64
  16
i_col =   67
i_row =   22
-----------------------------
100
   4
   6
  64
  16
i_col =   68
i_row =   22
-----------------------------
101
   5
   6
  64
  16
i_col =   69
i_row =   22
-----------------------------
102
   6
   6
  64
  16
i_col =   70
i_row =   22
-----------------------------
103
   7
   6
  64
  16
i_col =   71
i_row =   22
-----------------------------
104
   8
   6
  64
  16
i_col =   72
i_row =   22
-----------------------------
105
   9
   6
  64
  16
i_col =   73
i_row =   22
-----------------------------
106
  10
   6
  64
  16
i_col =   74
i_row =   22
-----------------------------
107
  11
   6
  64
  16
i_col =   75
i_row =   22
-----------------------------
108
  12
   6
  64
  16
i_col =   76
i_row =   22
-----------------------------
109
  13
   6
  64
  16
i_col =   77
i_row =   22
-----------------------------
110
  14
   6
  64
  16
i_col =   78
i_row =   22
-----------------------------
111
  15
   6
  64
  16
i_col =   79
i_row =   22
-----------------------------
112
   0
   7
  64
  16
i_col =   64
i_row =   23
-----------------------------
113
   1
   7
  64
  16
i_col =   65
i_row =   23
-----------------------------
114
   2
   7
  64
  16
i_col =   66
i_row =   23
-----------------------------
115
   3
   7
  64
  16
i_col =   67
i_row =   23
-----------------------------
116
   4
   7
  64
  16
i_col =   68
i_row =   23
-----------------------------
117
   5
   7
  64
  16
i_col =   69
i_row =   23
-----------------------------
118
   6
   7
  64
  16
i_col =   70
i_row =   23
-----------------------------
119
   7
   7
  64
  16
i_col =   71
i_row =   23
-----------------------------
120
   8
   7
  64
  16
i_col =   72
i_row =   23
-----------------------------
121
   9
   7
  64
  16
i_col =   73
i_row =   23
-----------------------------
122
  10
   7
  64
  16
i_col =   74
i_row =   23
-----------------------------
123
  11
   7
  64
  16
i_col =   75
i_row =   23
-----------------------------
124
  12
   7
  64
  16
i_col =   76
i_row =   23
-----------------------------
125
  13
   7
  64
  16
i_col =   77
i_row =   23
-----------------------------
126
  14
   7
  64
  16
i_col =   78
i_row =   23
-----------------------------
127
  15
   7
  64
  16
i_col =   79
i_row =   23
-----------------------------
128
   0
   8
  64
  16
i_col =   64
i_row =   24
-----------------------------
129
   1
   8
  64
  16
i_col =   65
i_row =   24
-----------------------------
130
   2
   8
  64
  16
i_col =   66
i_row =   24
-----------------------------
131
   3
   8
  64
  16
i_col =   67
i_row =   24
-----------------------------
132
   4
   8
  64
  16
i_col =   68
i_row =   24
-----------------------------
133
   5
   8
  64
  16
i_col =   69
i_row =   24
-----------------------------
134
   6
   8
  64
  16
i_col =   70
i_row =   24
-----------------------------
135
   7
   8
  64
  16
i_col =   71
i_row =   24
-----------------------------
136
   8
   8
  64
  16
i_col =   72
i_row =   24
-----------------------------
137
   9
   8
  64
  16
i_col =   73
i_row =   24
-----------------------------
138
  10
   8
  64
  16
i_col =   74
i_row =   24
-----------------------------
139
  11
   8
  64
  16
i_col =   75
i_row =   24
-----------------------------
140
  12
   8
  64
  16
i_col =   76
i_row =   24
-----------------------------
141
  13
   8
  64
  16
i_col =   77
i_row =   24
-----------------------------
142
  14
   8
  64
  16
i_col =   78
i_row =   24
-----------------------------
143
  15
   8
  64
  16
i_col =   79
i_row =   24
-----------------------------
144
   0
   9
  64
  16
i_col =   64
i_row =   25
-----------------------------
145
   1
   9
  64
  16
i_col =   65
i_row =   25
-----------------------------
146
   2
   9
  64
  16
i_col =   66
i_row =   25
-----------------------------
147
   3
   9
  64
  16
i_col =   67
i_row =   25
-----------------------------
148
   4
   9
  64
  16
i_col =   68
i_row =   25
-----------------------------
149
   5
   9
  64
  16
i_col =   69
i_row =   25
-----------------------------
150
   6
   9
  64
  16
i_col =   70
i_row =   25
-----------------------------
151
   7
   9
  64
  16
i_col =   71
i_row =   25
-----------------------------
152
   8
   9
  64
  16
i_col =   72
i_row =   25
-----------------------------
153
   9
   9
  64
  16
i_col =   73
i_row =   25
-----------------------------
154
  10
   9
  64
  16
i_col =   74
i_row =   25
-----------------------------
155
  11
   9
  64
  16
i_col =   75
i_row =   25
-----------------------------
156
  12
   9
  64
  16
i_col =   76
i_row =   25
-----------------------------
157
  13
   9
  64
  16
i_col =   77
i_row =   25
-----------------------------
158
  14
   9
  64
  16
i_col =   78
i_row =   25
-----------------------------
159
  15
   9
  64
  16
i_col =   79
i_row =   25
-----------------------------
160
   0
  10
  64
  16
i_col =   64
i_row =   26
-----------------------------
161
   1
  10
  64
  16
i_col =   65
i_row =   26
-----------------------------
162
   2
  10
  64
  16
i_col =   66
i_row =   26
-----------------------------
163
   3
  10
  64
  16
i_col =   67
i_row =   26
-----------------------------
164
   4
  10
  64
  16
i_col =   68
i_row =   26
-----------------------------
165
   5
  10
  64
  16
i_col =   69
i_row =   26
-----------------------------
166
   6
  10
  64
  16
i_col =   70
i_row =   26
-----------------------------
167
   7
  10
  64
  16
i_col =   71
i_row =   26
-----------------------------
168
   8
  10
  64
  16
i_col =   72
i_row =   26
-----------------------------
169
   9
  10
  64
  16
i_col =   73
i_row =   26
-----------------------------
170
  10
  10
  64
  16
i_col =   74
i_row =   26
-----------------------------
171
  11
  10
  64
  16
i_col =   75
i_row =   26
-----------------------------
172
  12
  10
  64
  16
i_col =   76
i_row =   26
-----------------------------
173
  13
  10
  64
  16
i_col =   77
i_row =   26
-----------------------------
174
  14
  10
  64
  16
i_col =   78
i_row =   26
-----------------------------
175
  15
  10
  64
  16
i_col =   79
i_row =   26
-----------------------------
176
   0
  11
  64
  16
i_col =   64
i_row =   27
-----------------------------
177
   1
  11
  64
  16
i_col =   65
i_row =   27
-----------------------------
178
   2
  11
  64
  16
i_col =   66
i_row =   27
-----------------------------
179
   3
  11
  64
  16
i_col =   67
i_row =   27
-----------------------------
180
   4
  11
  64
  16
i_col =   68
i_row =   27
-----------------------------
181
   5
  11
  64
  16
i_col =   69
i_row =   27
-----------------------------
182
   6
  11
  64
  16
i_col =   70
i_row =   27
-----------------------------
183
   7
  11
  64
  16
i_col =   71
i_row =   27
-----------------------------
184
   8
  11
  64
  16
i_col =   72
i_row =   27
-----------------------------
185
   9
  11
  64
  16
i_col =   73
i_row =   27
-----------------------------
186
  10
  11
  64
  16
i_col =   74
i_row =   27
-----------------------------
187
  11
  11
  64
  16
i_col =   75
i_row =   27
-----------------------------
188
  12
  11
  64
  16
i_col =   76
i_row =   27
-----------------------------
189
  13
  11
  64
  16
i_col =   77
i_row =   27
-----------------------------
190
  14
  11
  64
  16
i_col =   78
i_row =   27
-----------------------------
191
  15
  11
  64
  16
i_col =   79
i_row =   27
-----------------------------
192
   0
  12
  64
  16
i_col =   64
i_row =   28
-----------------------------
193
   1
  12
  64
  16
i_col =   65
i_row =   28
-----------------------------
194
   2
  12
  64
  16
i_col =   66
i_row =   28
-----------------------------
195
   3
  12
  64
  16
i_col =   67
i_row =   28
-----------------------------
196
   4
  12
  64
  16
i_col =   68
i_row =   28
-----------------------------
197
   5
  12
  64
  16
i_col =   69
i_row =   28
-----------------------------
198
   6
  12
  64
  16
i_col =   70
i_row =   28
-----------------------------
199
   7
  12
  64
  16
i_col =   71
i_row =   28
-----------------------------
200
   8
  12
  64
  16
i_col =   72
i_row =   28
-----------------------------
201
   9
  12
  64
  16
i_col =   73
i_row =   28
-----------------------------
202
  10
  12
  64
  16
i_col =   74
i_row =   28
-----------------------------
203
  11
  12
  64
  16
i_col =   75
i_row =   28
-----------------------------
204
  12
  12
  64
  16
i_col =   76
i_row =   28
-----------------------------
205
  13
  12
  64
  16
i_col =   77
i_row =   28
-----------------------------
206
  14
  12
  64
  16
i_col =   78
i_row =   28
-----------------------------
207
  15
  12
  64
  16
i_col =   79
i_row =   28
-----------------------------
208
   0
  13
  64
  16
i_col =   64
i_row =   29
-----------------------------
209
   1
  13
  64
  16
i_col =   65
i_row =   29
-----------------------------
210
   2
  13
  64
  16
i_col =   66
i_row =   29
-----------------------------
211
   3
  13
  64
  16
i_col =   67
i_row =   29
-----------------------------
212
   4
  13
  64
  16
i_col =   68
i_row =   29
-----------------------------
213
   5
  13
  64
  16
i_col =   69
i_row =   29
-----------------------------
214
   6
  13
  64
  16
i_col =   70
i_row =   29
-----------------------------
215
   7
  13
  64
  16
i_col =   71
i_row =   29
-----------------------------
216
   8
  13
  64
  16
i_col =   72
i_row =   29
-----------------------------
217
   9
  13
  64
  16
i_col =   73
i_row =   29
-----------------------------
218
  10
  13
  64
  16
i_col =   74
i_row =   29
-----------------------------
219
  11
  13
  64
  16
i_col =   75
i_row =   29
-----------------------------
220
  12
  13
  64
  16
i_col =   76
i_row =   29
-----------------------------
221
  13
  13
  64
  16
i_col =   77
i_row =   29
-----------------------------
222
  14
  13
  64
  16
i_col =   78
i_row =   29
-----------------------------
223
  15
  13
  64
  16
i_col =   79
i_row =   29
-----------------------------
224
   0
  14
  64
  16
i_col =   64
i_row =   30
-----------------------------
225
   1
  14
  64
  16
i_col =   65
i_row =   30
-----------------------------
226
   2
  14
  64
  16
i_col =   66
i_row =   30
-----------------------------
227
   3
  14
  64
  16
i_col =   67
i_row =   30
-----------------------------
228
   4
  14
  64
  16
i_col =   68
i_row =   30
-----------------------------
229
   5
  14
  64
  16
i_col =   69
i_row =   30
-----------------------------
230
   6
  14
  64
  16
i_col =   70
i_row =   30
-----------------------------
231
   7
  14
  64
  16
i_col =   71
i_row =   30
-----------------------------
232
   8
  14
  64
  16
i_col =   72
i_row =   30
-----------------------------
233
   9
  14
  64
  16
i_col =   73
i_row =   30
-----------------------------
234
  10
  14
  64
  16
i_col =   74
i_row =   30
-----------------------------
235
  11
  14
  64
  16
i_col =   75
i_row =   30
-----------------------------
236
  12
  14
  64
  16
i_col =   76
i_row =   30
-----------------------------
237
  13
  14
  64
  16
i_col =   77
i_row =   30
-----------------------------
238
  14
  14
  64
  16
i_col =   78
i_row =   30
-----------------------------
239
  15
  14
  64
  16
i_col =   79
i_row =   30
-----------------------------
240
   0
  15
  64
  16
i_col =   64
i_row =   31
-----------------------------
241
   1
  15
  64
  16
i_col =   65
i_row =   31
-----------------------------
242
   2
  15
  64
  16
i_col =   66
i_row =   31
-----------------------------
243
   3
  15
  64
  16
i_col =   67
i_row =   31
-----------------------------
244
   4
  15
  64
  16
i_col =   68
i_row =   31
-----------------------------
245
   5
  15
  64
  16
i_col =   69
i_row =   31
-----------------------------
246
   6
  15
  64
  16
i_col =   70
i_row =   31
-----------------------------
247
   7
  15
  64
  16
i_col =   71
i_row =   31
-----------------------------
248
   8
  15
  64
  16
i_col =   72
i_row =   31
-----------------------------
249
   9
  15
  64
  16
i_col =   73
i_row =   31
-----------------------------
250
  10
  15
  64
  16
i_col =   74
i_row =   31
-----------------------------
251
  11
  15
  64
  16
i_col =   75
i_row =   31
-----------------------------
252
  12
  15
  64
  16
i_col =   76
i_row =   31
-----------------------------
253
  13
  15
  64
  16
i_col =   77
i_row =   31
-----------------------------
254
  14
  15
  64
  16
i_col =   78
i_row =   31
-----------------------------
255
  15
  15
  64
  16
i_col =   79
i_row =   31
-----------------------------
$finish called at time : 52000141 ns : File "D:/Locker/PANEPISTIMIO/lab2_code/vga_tb.sv" Line 84
